  -14.9458570              11
  -15.3407812              10
  -14.5293350               8
  -16.5773849               8
  -16.6796646               9
  -20.1647644               8
  -23.6649780               7
  -26.4221382               6
  -28.3058815               7
  -28.1555977               6
  -28.8736629               6
  -28.9019718               6
  -28.8064041               7
  -28.7798500               6
  -28.8739719               7
  -28.6702366               7
  -28.1307335               8
  -28.5185680               9
  -28.6828804               9
  -28.3420658               8
  -28.6164188               8
  -28.2819309               7
  -27.0363827               7
  -26.9943752               7
  -27.9652538               6
  -28.1231403               5
  -25.5730457               4
  -26.7965221               5
  -26.8053989               6
  -26.9277592               5
  -26.5631618               4
  -26.6743088               3
  -28.2044754               3
  -28.2213936               3
  -28.5800495               3
  -28.9020481               3
  -28.0050983               4
  -27.6763000               4
  -28.9032230               3
  -26.8220119               3
  -25.3722382               3
  -28.6323719               3
  -27.3337212               3
  -28.8582420               3
  -28.3725739               4
  -27.4517307               3
  -28.6818542               4
  -28.5998478               4
  -28.7111816               3
  -28.7529488               4
  -28.1964493               5
  -29.0453320               5
  -28.7173634               5
  -28.2927971               6
  -28.0772419               6
  -28.0774136               5
  -28.0740223               5
  -26.8678799               4
  -27.1108704               4
  -26.6959190               4
  -26.5413132               4
  -26.3786621               4
  -27.1582928               3
  -27.1778145               3
  -28.1922855               4
  -25.6992779               3
  -27.7460670               3
  -27.8962612               3
  -28.6384678               3
  -29.0660133               3
  -27.4852524               3
  -27.8867035               4
  -27.6321812               4
  -27.9755840               3
  -26.5414238               3
  -27.9620876               3
  -27.6363468               4
  -28.1863194               3
  -28.4786873               3
  -28.7357216               3
  -28.4630146               3
  -28.5385971               3
  -26.9745255               3
  -27.3074608               3
  -28.3546677               3
  -27.1819935               3
  -26.8578167               3
  -27.5659828               3
  -28.0448761               3
  -29.0768261               3
  -28.0751762               3
  -28.1115208               4
  -28.9018192               4
  -28.3753357               4
  -28.3196564               4
  -29.1231251               4
  -28.1241512               3
  -25.5397739               4
  -26.3745918               3
  -29.0255146               4
  -28.8328094               3
  -26.1516228               3
  -27.2201786               3
  -29.0007038               3
  -29.0223236               4
  -28.8076057               4
  -27.7569790               5
  -27.3129978               4
  -27.6562309               4
  -26.8949432               4
  -27.3848133               4
  -28.3628712               3
  -27.3587990               4
  -28.1166401               4
  -28.7096653               3
  -27.8578510               3
  -28.4252090               3
  -27.9898663               3
  -27.9059029               3
  -27.4470558               5
  -28.1032925               4
  -27.9978981               4
  -27.6990967               4
  -25.4717216               3
  -29.1445847               3
  -28.7848682               3
  -28.8118134               3
  -29.1169128               3
  -28.6820660               3
  -28.6348152               3
  -29.0682602               3
  -28.5111027               3
  -28.1633282               3
  -28.2013550               3
  -28.8416519               3
  -29.0006981               3
  -27.8603268               3
  -28.9478893               3
  -27.3995075               3
  -27.4199314               3
  -25.7918472               3
  -29.1231232               3
  -29.1272430               4
  -27.7398243               3
  -28.9851322               4
  -28.9209404               5
  -28.3777390               6
  -25.6780415               5
  -26.0278149               5
  -26.2683506               7
  -28.9404583               6
  -28.9305096               6
  -27.8926620               5
  -28.5762196               6
  -28.4027214               7
  -27.2071571               6
  -28.5161400               6
  -28.1973038               7
  -26.5567703               6
  -28.2167091               7
  -27.8869896               6
  -28.8368034               4
  -29.0531178               5
  -28.5579319               6
  -29.0957241               5
  -25.8679562               3
  -24.9789238               4
  -26.9202690               5
  -27.5627918               5
  -26.5844479               4
  -26.9134426               4
  -26.7698917               4
  -28.7990704               5
  -27.6376114               5
  -28.4544125               6
  -28.5010834               5
  -28.0957413               5
  -28.8187733               5
  -28.4582214               6
  -28.4783592               6
  -26.6247444               7
  -26.7007198               7
  -27.0650902               7
  -27.5915470               7
  -26.9162865               8
  -26.9051113               7
  -28.4961090               5
  -27.0665607               4
  -25.7211914               4
  -19.6446724               4
  -24.0289001               5
  -27.2667389               5
  -27.2379932               4
  -28.3553028               3
  -27.7150688               5
  -28.4628658               5
  -28.7994137               5
  -28.0708866               6
  -26.6693134               5
  -26.7745571               4
  -28.0649414               5
  -28.0629635               6
  -28.2893810               5
  -28.3167572               5
  -27.9577065               5
  -25.5033417               5
  -27.6528854               6
  -28.8683815               7
  -28.6350155               7
  -28.6980438               7
  -28.7339001               6
  -28.9563637               6
  -29.0895691               5
  -28.9578228               3
  -27.1310062               3
  -25.9245491               3
  -27.5695877               4
  -28.0967464               4
  -28.8482037               4
  -28.1815777               4
  -28.7074795               4
  -28.3953934               6
  -28.8080063               7
  -29.1259308               6
  -28.3583450               7
  -28.2319164               6
  -28.0973492               6
  -28.3899498               5
  -28.3713169               5
  -28.7168865               6
  -27.6584606               5
  -27.6465187               6
  -27.8127804               5
  -28.4016209               6
  -28.4280453               5
  -27.1153545               5
  -28.4691715               5
  -27.1456375               5
  -28.2504215               4
  -28.2145290               6
  -28.0163822               6
  -28.7339287               6
  -28.6470795               6
  -28.5950012               7
  -28.6225147               6
  -28.5782204               5
  -27.7442951               4
  -28.0160236               4
  -28.5568008               4
  -28.4228230               5
  -28.4803009               5
  -28.6657085               4
  -28.1393948               4
  -27.3977165               3
  -27.8929482               3
  -27.4430771               4
  -27.3021755               3
  -27.1225929               3
  -27.0372658               3
  -27.7110100               3
  -27.7660046               3
  -28.2597828               4
  -27.8795624               4
  -26.7677059               3
  -28.8784065               3
  -28.0645351               3
  -28.2697506               4
  -28.6543179               3
  -25.5372143               3
  -29.1619244               3
  -28.6964779               3
  -28.8994255               3
  -28.8222084               3
  -28.8212109               3
  -28.7494164               3
  -28.8412914               3
  -28.4945869               3
  -28.6267853               3
  -27.0098591               3
  -28.1344643               3
  -27.5383911               3
  -27.4157257               3
  -29.0322037               3
  -27.6633625               3
  -26.8315525               3
  -27.5505543               3
  -28.3536377               4
  -27.5424061               3
  -27.7092686               3
  -27.1316204               3
  -27.7229347               4
  -27.8910313               5
  -27.4429073               5
  -27.6287937               6
  -27.3012085               4
  -28.1125336               3
  -28.4374523               4
  -27.8499050               6
  -28.0178146               5
  -28.2196903               5
  -28.4633198               5
  -28.0167561               6
  -28.0683079               6
  -28.2495079               6
  -28.2593327               4
  -28.8315411               5
  -28.9533615               5
  -28.9829521               6
  -28.9604454               7
  -29.0676804               6
  -28.5377674               5
  -29.0066833               5
  -29.1628590               4
  -29.2463894               4
  -29.0202160               5
  -28.9989929               4
  -28.8552494               4
  -28.8211823               6
  -28.7548008               6
  -28.8041763               5
  -28.7580700               4
  -28.7831211               4
  -28.6878147               5
  -28.5894909               5
  -28.4049454               5
  -28.2299786               6
  -28.0414677               7
  -28.7227631               7
  -28.6788368               7
  -28.7990417               5
  -28.2966423               4
  -28.6643982               4
  -28.8294086               5
  -26.7358303               4
  -27.2677174               3
  -28.7307758               4
  -28.2471428               5
  -28.8466969               5
  -27.7681484               4
  -28.5635605               3
  -28.6342068               4
  -28.9178810               4
  -29.0424175               5
  -29.0926151               5
  -28.5787296               4
  -28.5220490               5
  -28.6083775               5
  -28.2984982               6
  -28.5974274               7
  -25.8109150               7
  -27.6716900               5
  -27.6987915               5
  -27.2007122               7
  -28.2182064               7
  -27.9793854               6
  -26.3553429               6
  -27.5669498               5
  -26.5039902               4
  -26.5588970               4
  -25.5867004               4
  -26.8576660               5
  -26.1838570               5
  -26.1545124               4
  -24.4850197               4
  -26.9124126               3
  -28.8392353               3
  -29.0686398               3
  -29.1002655               3
  -28.0124283               3
  -28.9651928               3
  -28.0546131               3
  -27.6490269               4
  -28.0365257               3
  -26.5018444               4
  -27.3144321               4
  -28.5545349               4
  -28.7331524               3
  -27.6728954               3
  -27.8752518               4
  -27.8945084               5
  -27.5622597               7
  -26.2643223               8
  -27.7639370               8
  -28.3989353               9
  -27.9752274               8
  -28.3501129               7
  -28.3437958               7
  -25.2721558               7
  -23.9241409               6
  -26.2535572               4
  -27.7557735               6
  -27.7719460               6
  -27.3416977               6
  -28.7297993               7
  -28.2759094               6
  -27.5630360               6
  -27.0529137               5
  -27.0600510               7
  -25.1880245               8
  -25.1247177               7
  -22.8260040               8
  -23.9095745               7
  -23.7527809               7
  -23.9625759               8
  -25.4233780               9
  -25.2510452               8
  -24.8720627               8
  -23.9159069               9
  -24.1045208               8
  -24.0338516               8
  -23.5570278               7
  -23.5858364               7
  -24.6788006               6
  -22.6772079               5
  -22.9147739               6
  -26.3610477               6
  -27.4295635               6
  -27.3800926               7
  -27.2404118               7
  -25.9360714               6
  -24.5359840               6
  -25.4709778               5
  -25.3450451               5
  -28.0219517               4
  -27.7563953               4
  -28.5334721               4
  -28.6208191               4
  -27.7520733               5
  -28.0202732               5
  -28.1223450               6
  -28.3642349               5
  -27.4678879               6
  -26.8429947               6
  -26.9494591               6
  -27.5827370               6
  -29.2391682               5
  -28.4186478               6
  -28.4551220               6
  -27.2426109               5
  -26.8051128               6
  -27.9015827               6
  -26.2306366               5
  -23.6962070               4
  -22.9750195               4
  -24.4710636               3
  -25.4736252               3
  -29.0819721               4
  -28.4377327               3
  -27.8562145               3
  -28.9176235               5
  -29.1397953               5
  -27.4863033               6
  -28.8766022               7
  -28.4614315               7
  -26.2053204               6
  -26.4162827               5
  -25.6278629               4
  -28.2112236               3
  -28.2042027               3
  -28.3357468               3
  -26.0969067               3
  -27.3721657               3
  -28.2627831               4
  -28.9516850               3
  -27.4090843               3
  -28.5598965               3
  -28.7008476               4
  -28.6836891               4
  -29.0094337               4
  -28.3875465               4
  -29.1041183               4
  -28.1458759               3
  -27.2545223               3
  -26.8370113               3
  -25.0569057               3
  -27.0004807               3
  -26.7846870               3
  -26.1992531               3
  -26.4655018               3
  -26.1796913               3
  -26.4590549               3
  -26.8701668               3
  -23.3050365               3
  -26.5087643               3
  -28.4451962               3
  -27.1006641               3
  -26.2070370               3
  -25.6557674               4
  -28.4564114               4
  -28.4308891               4
  -27.2636299               3
  -27.5766678               3
  -24.7186069               4
  -28.6009655               4
  -28.2296600               4
  -28.6088963               3
  -28.0968876               3
  -24.3183670               4
  -25.8902435               6
  -26.5348415               6
  -26.5928440               7
  -27.5190544               7
  -27.3939133               6
  -28.3568001               5
  -28.8976421               5
  -28.5576668               5
  -28.7944641               5
  -28.5977230               6
  -28.4554272               6
  -27.2535400               5
  -28.0254478               6
  -28.2958050               7
  -27.0928669               6
  -27.3445854               6
  -26.6773453               6
  -28.3802471               5
  -27.2144432               5
  -25.8004971               4
  -27.7254658               5
  -27.8932190               4
  -28.4160595               4
  -25.9421387               3
  -26.9271069               5
  -28.2293072               5
  -28.0981693               4
  -24.8436146               5
  -24.2678852               6
  -24.3053551               5
  -26.3153515               5
  -27.6850796               5
  -27.7078152               6
  -26.4825535               6
  -27.2509804               7
  -27.5504398               7
  -27.5283794               8
  -27.7457886               8
  -27.6375847               9
  -27.5059452               8
  -27.4024448               9
  -27.4909248               8
  -27.4667015               9
  -27.5595627               8
  -27.4906120               7
  -27.1476765               9
  -26.8005028              10
  -26.4217148               9
  -26.0192795               9
  -26.1040993               9
  -26.9747047               9
  -26.8707714               8
  -26.4626865               8
  -26.5127716               8
  -26.9598885               9
  -24.8916435              10
  -25.2850075               9
  -26.1631775               7
  -26.2997360               9
  -26.7532063               9
  -26.7873344               9
  -25.5745182               7
  -25.9367447               6
  -26.8567333               4
  -26.6693516               4
  -26.7960606               4
  -26.6931801               4
  -27.0225334               4
  -26.7906647               4
  -26.9214840               4
  -27.0580826               4
  -26.8504848               4
  -26.8639393               5
  -27.4770737               5
  -27.2172585               4
  -27.2540474               4
  -27.0500450               4
  -27.2703381               4
  -26.9462929               3
  -26.9805508               3
  -27.1788425               3
  -27.2519054               3
  -27.0085316               4
  -27.3392048               4
  -27.4519234               4
  -27.7528744               4
  -28.1057243               5
  -28.1471519               5
  -27.6627026               4
  -27.8326302               5
  -25.3226585               4
  -26.0907478               3
  -25.8071346               4
  -25.7817440               4
  -23.1844673               5
  -26.3260498               3
  -26.1889057               3
  -26.1415710               3
  -25.5086365               4
  -26.6415157               3
  -26.7350368               3
  -26.8891201               3
  -26.9899693               3
  -26.8120232               3
  -26.8472748               4
  -26.0621624               5
  -25.0332050               6
  -24.8851051               5
  -26.8194885               6
  -27.2060318               5
  -26.8457642               5
  -27.9431019               6
  -27.6860313               6
  -28.0071983               5
  -28.7409267               5
  -28.5986557               5
  -28.5765972               5
  -28.2569103               4
  -28.5071716               4
  -28.0765362               5
  -28.3836193               4
  -27.7340908               4
  -26.7087212               4
  -26.2324753               4
  -26.4897900               4
  -27.8514595               4
  -27.6841888               4
  -27.4465256               3
  -28.2292080               3
  -28.0097523               3
  -27.7966995               4
  -28.1405373               4
  -28.6518440               5
  -29.1315746               6
  -28.4058819               7
  -27.3264866               8
  -26.1420650               6
  -27.8751869               6
  -26.5944958               5
  -26.9673634               5
  -28.0948486               5
  -27.9110966               6
  -27.8346844               5
  -27.6809788               5
  -27.7033310               5
  -27.7992210               5
  -25.9580250               5
  -28.1644039               6
  -28.2575703               4
  -27.7680531               5
  -27.2142467               5
  -27.8214931               4
  -27.1017914               3
  -26.3668118               3
  -26.7008953               4
  -25.7189541               5
  -26.1105595               5
  -25.4704952               4
  -26.0904903               5
  -23.8826046               6
  -24.9005756               5
  -25.6461773               6
  -25.9039898               6
  -25.6830769               5
  -23.7686253               3
  -25.5462399               4
  -25.8624878               4
  -25.9867401               4
  -26.1341858               4
  -26.0975132               3
  -26.2040653               4
  -25.0583668               3
  -24.5358582               4
  -26.3075256               6
  -25.9731045               5
  -25.8987598               5
  -25.1982327               6
  -26.8082218               5
  -26.9597416               6
  -26.9077168               5
  -26.9739113               5
  -26.4791145               4
  -26.2516384               4
  -27.7352562               5
  -27.6458149               6
  -25.4352951               5
  -25.3278484               5
  -25.9479256               5
  -25.6089268               6
  -26.5990429               6
  -27.2910385               7
  -27.1554699               8
  -27.1382370               8
  -28.2536602               9
  -28.2605705               9
  -28.2765560              10
  -28.0689411              10
  -27.6759224              11
  -27.6885509              11
  -28.1756268              11
  -27.8041611              11
  -25.7639160              10
  -27.7130432               9
  -27.7920532               7
  -26.2112331               5
  -26.2867298               6
  -26.8709469               7
  -25.7490139               6
  -25.7528667               6
  -24.7564831               4
  -25.9671574               4
  -26.4299202               3
  -26.4777641               3
  -26.8191013               3
  -26.1265240               3
  -26.4248543               3
  -26.5494614               3
  -26.3865452               3
  -26.2687092               3
  -26.5434780               3
  -27.1108608               4
  -27.0881824               4
  -27.1719303               5
  -27.2536106               4
  -26.9262009               3
  -25.6543293               4
  -24.0128956               3
  -22.0048084               3
  -23.1222992               3
  -26.7704201               4
  -26.8914719               3
  -26.2812080               4
  -26.7894840               3
  -26.7409992               3
  -26.2475719               4
  -27.1548195               3
  -26.9230728               3
  -26.4321766               4
  -26.6006527               5
  -26.8292980               4
  -26.4029312               4
  -26.2523003               4
  -23.8972931               5
  -24.3980789               4
  -24.0413303               5
  -26.8055859               5
  -26.7585316               6
  -26.7417793               7
  -27.0840206               7
  -26.7757702               6
  -26.8445702               6
  -25.1455212               6
  -26.3887367               6
  -26.5347595               7
  -26.5399609               8
  -26.7236023               6
  -26.7695866               5
  -26.8618603               7
  -26.3417988               8
  -26.4204502               9
  -26.2650928               9
  -26.0642109               8
  -26.0984421               8
  -26.0678921               9
  -26.0595531               9
  -25.5639668               8
  -25.7850780               6
  -25.8775806               6
  -26.4945354               5
  -26.7566452               5
  -26.4634800               5
  -25.4588509               5
  -25.8145237               4
  -26.5783119               4
  -26.6942081               5
  -25.9907322               4
  -26.9253674               4
  -27.4398918               4
  -27.3750935               5
  -26.2891808               5
  -26.2683163               6
  -26.2750626               7
  -25.4191017               6
  -25.5860977               6
  -25.4756641               6
  -25.3698673               8
  -25.3662510               7
  -25.6447411               5
  -26.4610596               5
  -26.5997810               5
  -27.1092758               5
  -25.4602261               4
  -25.3461208               5
  -24.3575649               5
  -24.0226536               6
  -22.8703671               6
  -25.0972271               7
  -25.0743141               8
  -25.1212883               8
  -23.1520061               7
  -25.3997116               6
  -24.7882080               7
  -25.4568157               8
  -25.3635788               7
  -25.4584141               6
  -25.1802235               5
  -25.2409534               4
  -25.3117905               4
  -25.3217220               4
  -27.0148125               6
  -26.8623161               5
  -26.9278679               5
  -27.0668812               4
  -26.8853512               3
  -27.0337486               3
  -26.0022430               3
  -25.8538933               3
  -26.7241440               3
  -26.0669594               3
  -27.0540276               3
  -26.8293839               3
  -26.5712891               5
  -26.9564247               6
  -26.8638821               6
  -25.9487438               8
  -26.0155640               7
  -26.2065258               8
  -26.3637905               9
  -26.5629120              10
  -26.4692116              10
  -26.2698803              10
  -27.4077072              10
  -27.5284901               8
  -27.5761395               9
  -27.2240906               8
  -27.6262608               7
  -26.7679138               5
  -27.0336704               5
  -27.3947029               4
  -26.6043110               4
  -26.4667454               4
  -26.4516411               5
  -25.9701157               6
  -25.9117680               6
  -25.7472019               6
  -26.6820621               5
  -26.7252369               5
  -26.3584633               4
  -26.9969902               3
  -27.0107765               3
  -27.1329823               4
  -27.0524254               4
  -27.0407562               4
  -26.5572205               5
  -26.3487701               6
  -26.8349209               7
  -26.9080257               8
  -27.2187157               7
  -26.2907524               7
  -26.6272907               6
  -25.8094521               6
  -26.4855213               6
  -26.9402962               6
  -26.1741657               6
  -26.9835091               5
  -26.8605595               5
  -26.2421741               5
  -26.3792229               6
  -26.6144810               6
  -26.5349979               6
  -26.5197124               7
  -26.8220558               6
  -26.1358376               5
  -24.7540359               3
  -23.4338722               5
  -24.4197388               6
  -27.4208908               7
  -27.2857552               8
  -27.3238907               9
  -26.7092762               8
  -25.9197140               9
  -25.3773003               8
  -24.7219200               6
  -25.5043907               4
  -26.1842079               6
  -26.5182152               7
  -26.0839272               7
  -26.4099236               6
  -26.3819981               6
  -25.2337437               5
  -26.5583420               5
  -28.0069313               5
  -28.2105560               5
  -27.9426098               5
  -27.8641090               5
  -26.7226944               4
  -27.9771900               4
  -27.6015606               4
  -27.7661667               5
  -27.0629177               4
  -27.7034245               4
  -25.8653450               5
  -23.5834923               5
  -27.4015636               6
  -26.9236145               6
  -26.7242432               5
  -27.0213470               4
  -28.2370968               4
  -27.4614506               4
  -26.6501942               5
  -27.4889145               3
  -27.2538376               3
  -27.7992001               5
  -26.8604126               5
  -26.3663673               5
  -26.8045216               3
  -26.7831802               4
  -28.5341778               4
  -28.6998348               4
  -28.4141388               4
  -27.4231300               3
  -27.5188866               4
  -27.7202377               4
  -27.5063877               5
  -27.8911953               5
  -27.8136387               6
  -28.2786808               6
  -29.1182728               8
  -27.6763077               8
  -28.5191822               7
  -28.0632267               5
  -28.1467724               6
  -27.8888683               6
  -27.8885708               5
  -27.8913536               4
  -27.3672714               5
  -27.8196754               6
  -27.2623348               7
  -27.6885567               6
  -27.6040535               6
  -27.0028172               6
  -27.6856308               5
  -26.7158966               5
  -28.0088234               5
  -27.9627056               5
  -28.0083847               6
  -27.7276649               7
  -27.9453754               6
  -27.8265266               6
  -27.7461681               7
  -27.7169476               8
  -27.7982254               9
  -27.8751736              11
  -27.3178692               9
  -27.2000046               9
  -27.7623959               8
  -27.5972958               6
  -27.5677795               5
  -27.2752953               3
  -27.3434315               3
  -26.8409348               4
  -26.4086132               3
  -26.0520287               3
  -25.0822468               3
  -26.1035652               3
  -27.1072521               4
  -26.9574776               5
  -27.8427429               4
  -26.4877720               4
  -26.3667908               3
  -26.7014122               3
  -27.7604370               4
  -24.7220898               4
  -26.5327892               3
  -26.1312408               3
  -26.1635456               4
  -26.1905270               3
  -25.9053383               3
  -25.8743439               3
  -24.8607464               4
  -25.9976883               3
  -25.5147057               4
  -25.5022449               4
  -26.9764862               5
  -26.9381809               4
  -27.6854076               5
  -27.7221603               5
  -25.9722271               5
  -26.0315571               5
  -26.8301716               6
  -26.9462318               6
  -27.6816769               6
  -27.3827572               7
  -26.8190727               6
  -27.5417633               6
  -26.4472027               5
  -26.0815849               4
  -28.7189636               5
  -28.4533978               5
  -28.6739502               6
  -28.3099365               5
  -28.3169479               7
  -28.0210991               7
  -27.8758850               7
  -27.7408142               8
  -25.6932678               8
  -25.9639759               8
  -26.2970905               9
  -26.6706333               8
  -26.5123196               9
  -26.3192387               9
  -27.6465549               9
  -27.9832306              10
  -28.1044559              10
  -27.7418861               8
  -27.7574844               8
  -27.2609615               8
  -27.6975384               8
  -27.3097076               7
  -27.3785229               7
  -27.5062294               7
  -27.5817242               5
  -28.1541481               5
  -28.1210232               4
  -27.3693810               4
  -27.9227257               4
  -27.6993084               3
  -28.1779099               3
  -26.6780472               3
  -24.5159340               3
  -26.1744461               3
  -26.7275944               3
  -26.1740799               4
  -25.8524590               5
  -23.6670361               6
  -22.8719883               6
  -23.0743637               6
  -24.6671047               5
  -26.7345810               6
  -26.2757626               6
  -26.8481750               6
  -28.1956043               5
  -28.1789684               4
  -28.3825665               6
  -28.2563858               6
  -28.1822071               6
  -28.0927620               6
  -27.8212852               5
  -27.1275826               5
  -27.2114258               5
  -27.5340729               6
  -27.8274765               5
  -27.3852921               5
  -27.4741516               7
  -27.4310665               7
  -27.8655033               8
  -27.5122986               7
  -28.0322952               6
  -27.9031296               6
  -28.4824467               7
  -28.8138885               7
  -28.7761326               7
  -28.3187656               6
  -28.7600250               7
  -28.7750359               5
  -27.5128117               5
  -28.0706806               3
  -29.0936489               4
  -28.9299984               4
  -28.4966526               4
  -28.9459496               4
  -26.1163025               4
  -28.0641479               5
  -28.5996609               6
  -28.4631729               7
  -28.2636967               7
  -28.4625721               5
  -27.7601814               5
  -27.8228054               5
  -27.8409843               4
  -28.2684460               4
  -28.8932915               4
  -28.8750477               5
  -28.4141788               5
  -28.1400089               7
  -28.5242996               6
  -26.4446087               5
  -26.4659328               5
  -27.0851898               4
  -28.4607487               5
  -28.5108719               6
  -28.8507786               7
  -28.5311642               6
  -28.9422951               8
  -28.9168682               8
  -28.7510986               6
  -29.1602573               5
  -28.8377628               6
  -28.0876751               4
  -28.4819183               4
  -28.3551579               4
  -27.7551975               4
  -28.5856800               3
  -28.6017723               4
  -28.4517002               3
  -28.0171204               4
  -28.2287884               4
  -28.5270252               5
  -27.7588482               5
  -27.9482536               5
  -28.0887184               5
  -28.1067829               5
  -28.3860531               6
  -28.4383774               6
  -28.9230251               6
  -28.3455696               6
  -28.2622910               7
  -27.5549431               7
  -28.5399780               7
  -27.6207695               5
  -28.6597328               5
  -28.1969757               6
  -29.0541763               7
  -29.0000839               6
  -28.0888500               6
  -28.3106251               6
  -28.6349487               6
  -28.6152096               7
  -27.8696003               7
  -27.0860786               6
  -27.6839981               7
  -27.9215794               7
  -27.8624992               6
  -27.8453293               6
  -27.8114452               6
  -27.5141926               6
  -27.4991722               5
  -27.3031845               6
  -27.5568943               5
  -27.5728703               6
  -28.0493412               6
  -28.2775593               6
  -28.3700085               7
  -28.0780392               6
  -27.8521366               4
  -28.9574337               3
  -28.9332161               4
  -29.0923386               4
  -29.0686836               5
  -28.6931839               4
  -28.7737236               3
  -28.0647945               3
  -28.1896477               3
  -28.0301991               3
  -26.9805946               3
  -28.2575512               3
  -25.7999382               4
  -27.9903965               6
  -28.8923473               4
  -28.6240921               3
  -28.9882011               4
  -29.1597652               4
  -29.0899544               4
  -29.2210197               4
  -29.0415115               4
  -28.2591019               4
  -26.5935802               4
  -28.0277405               5
  -27.9518032               5
  -27.9944420               6
  -27.5369034               5
  -28.3147430               5
  -28.3302212               5
  -29.2327995               5
  -27.9465828               4
  -27.3677082               4
  -21.8314018               6
  -24.8941898               6
  -24.9457855               5
  -26.4098301               6
  -27.2190113               5
  -27.0244579               5
  -26.1898861               6
  -27.4254112               7
  -27.8702068               6
  -27.7912617               7
  -27.3391285               8
  -27.7834339               7
  -27.8199501               5
  -28.5313358               5
  -28.5807476               5
  -28.0172176               5
  -28.3016815               5
  -27.8671207               7
  -28.2971916               6
  -29.0234089               5
  -28.5866585               4
  -28.1456890               5
  -27.9492264               4
  -28.2811165               5
  -28.1539536               6
  -25.1070061               4
  -27.5434437               4
  -25.3528614               6
  -26.9171238               4
  -27.3155994               4
  -27.1287193               3
  -23.5219383               4
  -25.2159100               4
  -26.0266628               6
  -26.2305050               5
  -25.9021950               6
  -25.8270187               5
  -26.0720310               5
  -25.5144272               5
  -26.5540638               5
  -26.8678589               5
  -26.5995007               5
  -26.1109447               5
  -27.1462536               5
  -26.6937828               5
  -26.4119492               7
  -26.3826790               8
  -26.3455944               9
  -26.4313087               8
  -26.3607807               7
  -25.5303631               7
  -25.1814537               7
  -25.7899647               6
  -25.2350845               7
  -24.4467964               5
  -25.2688370               4
  -25.6735725               4
  -26.0616722               4
  -25.7305851               4
  -25.3333511               4
  -25.8314495               4
  -25.7080669               3
  -25.8158169               5
  -26.0041237               5
  -26.0605869               6
  -26.3914261               7
  -24.4668140               8
  -24.9350834               7
  -24.3128109               7
  -26.4641685               8
  -26.7013664               7
  -26.7184811               5
  -26.1571198               5
  -26.9683857               5
  -26.2298126               5
  -26.3381767               5
  -26.2986050               5
  -25.5271759               5
  -24.9461498               5
  -27.9733353               4
  -28.5910492               4
  -28.2963428               3
  -28.2073097               3
  -27.9937000               4
  -27.4654331               4
  -26.8924332               4
  -28.4401264               3
  -28.2727242               3
  -28.7867470               3
  -27.7400322               3
  -27.5650005               3
  -27.9724007               3
  -28.2279510               4
  -28.6339359               4
  -28.1458092               3
  -27.8996677               4
  -27.6498241               3
  -27.5294895               3
  -28.0889320               3
  -28.2796593               4
  -28.3150787               4
  -27.8806133               3
  -26.2604370               4
  -26.8715096               4
  -27.7093620               4
  -28.7027245               5
  -27.0027103               4
  -24.4772835               6
  -23.4145012               8
  -25.1889477               7
  -27.0654640               7
  -28.9480133               8
  -28.4767342               9
  -28.3072281               8
  -28.6114883               8
  -28.0284081               6
  -28.5654125               6
  -28.8224716               6
  -28.9340153               5
  -28.6894913               5
  -28.3789978               5
  -28.5855827               6
  -28.5519123               6
  -28.6509361               6
  -29.0499001               6
  -28.8843441               6
  -29.0436344               6
  -28.9832249               6
  -27.8215828               5
  -28.2228336               6
  -27.6991768               5
  -27.9192638               5
  -27.8132915               6
  -27.6565094               6
  -26.6040764               7
  -26.8577499               7
  -27.4843349               7
  -27.7609215               7
  -27.5152798               7
  -26.6409321               6
  -27.5734062               7
  -27.6987076               9
  -27.6309357              10
  -27.6170082              10
  -26.5708294              10
  -26.6489849              10
  -26.8491650              10
  -27.7989731              12
  -27.9140587              14
  -27.9318180              14
  -27.9117851              13
  -27.7260704              12
  -27.5529785              13
  -28.8861256              11
  -28.9668007              10
  -28.8449211              10
  -28.9321499              10
  -28.7729073              10
  -28.8481979              11
  -29.0591431              11
  -28.3550148              11
  -27.4798584              10
  -27.5898323               9
  -27.1666756               9
  -25.6005058              10
  -25.2272110              10
  -26.7634201               8
  -27.1462173               8
  -26.4549217               7
  -26.2953529               8
  -25.8284988               9
  -26.1725101               7
  -26.0589085               6
  -28.0726089               6
  -27.9839478               6
  -28.5300770               5
  -28.7274971               6
  -27.5017185               7
  -28.0118465               5
  -28.1723633               6
  -28.1297779               6
  -28.4494171               6
  -27.8136673               6
  -28.2223301               4
  -27.9751987               4
  -27.7613316               5
  -27.7626534               4
  -28.7577152               4
  -28.4160824               5
  -27.6086769               7
  -28.7099762               7
  -28.5882759               9
  -28.3115768              10
  -28.6099911              10
  -28.4044476              10
  -28.6249123               9
  -27.9323902               8
  -28.7887878               7
  -28.7591820               7
  -28.7844582               7
  -29.0940514               6
  -28.9142475               6
  -28.8994789               6
  -27.5597248               6
  -26.9492397               6
  -27.9784679               7
  -28.3355980               6
  -29.0165977               5
  -28.1058121               6
  -27.9335537               5
  -26.9580212               4
  -27.8302135               4
  -27.6903477               3
  -27.9239216               3
  -28.3444500               3
  -27.3282394               4
  -28.0456257               4
  -27.7900677               6
  -27.7848301               7
  -27.8893986               7
  -27.7101307               6
  -26.8072662               6
  -27.3570843               6
  -28.0195808               6
  -28.5505600               6
  -28.8421230               6
  -28.5553341               7
  -28.5996284               7
  -28.6520691               6
  -28.7384624               7
  -28.7516842               6
  -28.9222870               6
  -29.0114479               6
  -29.1668301               6
  -28.8875561               6
  -28.3657780               6
  -26.7104301               6
  -27.4388199               7
  -28.0863228               6
  -28.6069546               5
  -28.6525135               5
  -28.1432533               6
  -27.4164925               5
  -26.1670036               4
  -27.4009457               4
  -27.9595451               6
  -25.5857487               7
  -28.0460968               6
  -27.8122406               6
  -28.8970833               7
  -28.6891994               6
  -27.6954651               8
  -28.1444530               7
  -27.6874485               6
  -28.5416737               6
  -28.4025688               5
  -27.5561104               5
  -27.2572918               6
  -27.9167633               5
  -27.2861061               6
  -24.7127018               5
  -26.8073177               6
  -26.7377300               7
  -24.7838669               7
  -24.4089565               7
  -24.7344513               7
  -25.6099434               7
  -25.6998634               7
  -26.3505421               8
  -26.1992836               7
  -26.0881310               9
  -26.0113831               9
  -25.4942722               8
  -26.0422020               8
  -25.7959690               9
  -25.3200703               8
  -26.6221218               8
  -27.0368061               8
  -26.9885597               7
  -27.4176636               8
  -26.7010155               6
  -26.3928089               4
  -27.6272068               4
  -26.8676548               3
  -26.5105896               5
  -26.4687119               5
  -28.6184978               4
  -28.7291965               4
  -28.9073391               4
  -28.7689915               4
  -28.9162350               5
  -28.9299793               5
  -28.5789242               5
  -28.5735188               5
  -27.8804646               5
  -28.6255684               4
  -28.5562000               5
  -28.6369343               4
  -29.1505184               5
  -28.5510712               4
  -26.9331398               3
  -26.2789268               3
  -28.5255375               3
  -28.5372066               3
  -27.3877335               5
  -27.4393196               4
  -27.2224274               5
  -26.4516163               3
  -26.1793804               4
  -27.1007233               5
  -26.8512516               5
  -26.8214836               4
  -26.6989689               4
  -27.7945919               5
  -27.3664837               5
  -26.2621384               4
  -27.5223541               3
  -27.5469780               3
  -27.6486988               3
  -27.9127350               4
  -27.7420845               3
  -28.0154037               3
  -27.8715343               4
  -26.8354683               4
  -26.5198898               3
  -28.0730362               4
  -27.8330841               4
  -27.9150925               4
  -27.7712440               6
  -27.6131668               6
  -28.5081196               7
  -28.9654675               7
  -28.8962269               7
  -26.1662216               6
  -25.2541275               6
  -26.4326496               5
  -27.3294945               5
  -26.7079105               5
  -26.6491737               6
  -23.9150906               5
  -26.3506527               5
  -26.4045868               6
  -27.5560398               7
  -27.6763496               7
  -27.7015457               7
  -26.2109642               6
  -25.7322884               6
  -25.7219830               5
  -26.0101719               5
  -26.0440903               4
  -25.2090816               6
  -24.4322529               5
  -25.6485443               5
  -25.5441265               4
  -24.6130409               5
  -25.9019680               5
  -25.1002865               5
  -25.5355301               5
  -25.3527908               3
  -25.1802940               4
  -26.5178871               5
  -26.8126698               6
  -26.7999058               5
  -26.7385273               6
  -27.1458111               5
  -26.9126186               5
  -27.2239170               5
  -27.1264877               6
  -27.1737881               6
  -27.2484646               6
  -26.0653000               5
  -27.4443760               6
  -26.6460171               5
  -26.4635620               4
  -26.1240807               4
  -27.4300022               5
  -26.6124153               6
  -26.8886395               6
  -28.2361679               6
  -28.2566719               6
  -27.2956142               5
  -28.0481415               6
  -28.6909180               6
  -28.7647743               6
  -28.4303589               5
  -28.7745533               4
  -28.5375996               4
  -28.5242214               4
  -28.6145363               4
  -28.8543720               4
  -28.4869156               4
  -27.8475380               5
  -27.7708321               5
  -27.8129177               6
  -27.7168865               7
  -28.3213902               7
  -28.4573326               7
  -28.2660522               8
  -27.6407890               9
  -28.2547665               8
  -27.6687489               8
  -27.6710148               8
  -28.5002785               8
  -28.4790573               7
  -28.1131859               8
  -28.6544132               9
  -27.9023876               9
  -27.6373215              10
  -27.4795761               9
  -28.5484371              10
  -28.6453838              10
  -26.5593758              10
  -26.4529991               9
  -27.4520073              10
  -27.7577972              11
  -27.7033348               9
  -28.7211075              11
  -29.0900517              11
  -28.7818165               9
  -28.7199287               9
  -28.2172146               9
  -29.2723713               9
  -29.2564507               9
  -29.3033752               9
  -28.5502243               9
  -28.5398846               9
  -29.0335217              10
  -29.0468407               9
  -28.1741772              11
  -27.6891785              12
  -27.9566193              11
  -27.9038086              11
  -24.2205524              10
  -27.0595551              11
  -26.8172226              10
  -28.0602665              10
  -28.9577351               8
  -28.5432224               8
  -28.9596901               7
  -29.1874638               6
  -28.0246277               6
  -28.7574978               5
  -28.4063568               5
  -26.8040028               5
  -27.0522804               5
  -27.0264645               5
  -27.0315323               5
  -26.4374256               5
  -26.5475349               5
  -26.8822556               5
  -27.6788044               5
  -27.6608391               6
  -27.6688557               8
  -27.7697182               8
  -26.2468147               9
  -26.6083832               9
  -27.6164398               8
  -27.0817719               6
  -26.2236538               7
  -27.2336121               8
  -27.4726028               7
  -27.8394089               8
  -27.9532547               7
  -27.6352043               6
  -27.3985672               6
  -26.7217007               5
  -27.5997467               5
  -27.4558239               5
  -24.8817654               6
  -26.7304306               7
  -26.4559803               7
  -26.9048557               6
  -26.7614136               7
  -27.2039719               6
  -26.9682522               6
  -26.8717251               7
  -25.9470825               6
  -25.7876339               6
  -25.6875191               5
  -26.0643501               6
  -26.9793415               5
  -27.0301933               5
  -27.0700836               5
  -26.9746513               5
  -27.1488552               5
  -26.6065407               4
  -27.3372612               4
  -27.5970631               4
  -27.3696518               4
  -27.3470974               3
  -27.9602032               3
  -28.3264465               3
  -25.6435623               4
  -26.7719440               5
  -28.7850418               4
  -29.0233231               4
  -29.1112423               5
  -28.8839607               7
  -29.1228371               6
  -28.9161911               5
  -28.5436878               5
  -28.6607628               5
  -27.9291840               5
  -27.4862461               5
  -28.2536507               5
  -28.0620213               4
  -27.9680634               4
  -25.9980831               4
  -27.4407711               4
  -27.1652412               4
  -27.6379776               3
  -27.0267086               4
  -26.4493790               4
  -28.2147808               3
  -26.1868362               3
  -26.8788719               3
  -26.7129154               3
  -26.8072510               5
  -27.7445679               6
  -27.8307953               5
  -26.4612541               6
  -27.5454941               7
  -27.5844936               6
  -27.7797832               6
  -26.4941349               5
  -27.7368374               5
  -28.3295345               5
  -28.3895226               5
  -27.8860607               5
  -28.0789433               5
  -28.7364368               5
  -28.6646481               5
  -28.6918335               5
  -28.9089680               5
  -28.8016224               6
  -28.3294373               5
  -28.9165955               5
  -28.4767056               5
  -26.4990883               4
  -27.0432587               6
  -27.5961113               7
  -27.7752323               6
  -28.2562580               7
  -27.8970280               7
  -27.5836906               5
  -26.8955956               5
  -27.4038963               5
  -25.8237591               5
  -25.6049252               5
  -26.5894032               6
  -26.0816154               4
  -27.5827065               3
  -28.6691341               3
  -23.5928440               5
  -26.0774765               6
  -26.0370655               5
  -27.4656620               4
  -26.9666348               4
  -26.4606323               6
  -26.0770836               6
  -26.2662983               5
  -27.2105484               4
  -26.4152470               5
  -27.4004707               4
  -26.5686913               3
  -26.9346790               4
  -27.1112270               5
  -27.3528423               5
  -26.9892445               6
  -27.1016006               7
  -27.1377907               6
  -27.1090755               6
  -26.8136139               6
  -26.8039932               5
  -25.9467354               5
  -27.2777176               6
  -27.2745171               7
  -26.8308735               6
  -26.2799320               7
  -26.2925453               8
  -26.5263577               6
  -26.4383049               6
  -26.2189293               7
  -26.8937359               7
  -26.5093365               6
  -26.2485695               7
  -26.7399292               6
  -26.7740879               7
  -26.2838173               7
  -26.1221447               8
  -26.2050858               9
  -26.3215389               8
  -26.2328663              10
  -23.8369236              12
  -23.8102531              10
  -24.9496155              10
  -25.2338352              10
  -23.3302574               8
  -23.1215401               7
  -25.6680946               8
  -25.6270866               8
  -25.6345177               7
  -24.3874321               6
  -24.1472931               7
  -23.7137775               7
  -24.6647415               6
  -25.0175285               5
  -24.9545212               5
  -25.0540810               5
  -25.2903309               6
  -25.2598915               4
  -25.6527653               3
  -25.0185871               3
  -25.2006893               3
  -24.1403351               3
  -26.2483902               3
  -26.3717918               3
  -26.2153225               3
  -26.1315136               3
  -26.1663380               3
  -26.9148102               3
  -26.1319599               3
  -26.9817028               3
  -27.0356503               3
  -26.6897163               4
  -26.9714928               4
  -26.7792721               5
  -24.4157314               6
  -26.0926952               6
  -26.4108944               4
  -26.0220623               4
  -25.7969513               4
  -25.6524372               4
  -26.9732094               6
  -22.6549911               6
  -25.5329990               5
  -27.1138992               7
  -26.5265503               8
  -25.2329006               8
  -25.8533554               6
  -25.3562965               6
  -24.5773735               6
  -25.4604626               7
  -25.9724789               7
  -25.3295650               6
  -24.4543076               4
  -23.5249367               4
  -24.1008530               4
  -25.1358109               3
  -25.4798298               4
  -25.1461048               5
  -26.2902336               6
  -26.6070423               7
  -26.2818413               7
  -26.5040016               6
  -25.5763206               6
  -26.1466579               5
  -26.3776264               7
  -25.6996727               7
  -25.6952953               7
  -23.8058739               5
  -24.0252991               5
  -24.0908165               4
  -25.3354282               5
  -25.2429237               5
  -25.2673798               5
  -27.4403439               7
  -27.7855244               7
  -27.7001724               7
  -27.7622547               7
  -26.4953327               7
  -26.2385521               6
  -27.0872383               5
  -27.6376095               5
  -27.6983376               5
  -23.8987007               5
  -25.9798794               6
  -25.8730984               5
  -26.5514755               6
  -27.0735111               6
  -26.6290913               5
  -25.9165115               6
  -27.2495289               7
  -27.3896999               8
  -27.3557434               8
  -26.8470879               8
  -26.1906605               9
  -26.7122078               8
  -26.8895302               8
  -26.6962910               6
  -28.1006851               6
  -27.8487053               6
  -27.5113373               5
  -27.9313316               5
  -26.8729420               4
  -26.1727352               4
  -28.1037483               5
  -27.5702362               6
  -27.8372002               6
  -28.2992840               6
  -28.0287685               5
  -28.8877735               6
  -28.8476944               6
  -28.3746605               8
  -28.5733948               7
  -28.7741051               8
  -27.6561928               6
  -27.1751842               5
  -27.3181572               6
  -27.7214756               5
  -28.7860508               5
  -28.0597534               6
  -27.2177277               7
  -27.5481262               6
  -27.7378693               5
  -27.8637161               6
  -27.2973061               7
  -27.1018219               8
  -28.3021297               7
  -28.0199966               8
  -27.9519386               9
  -28.1552067              10
  -27.7458630              10
  -27.5639954              11
  -26.9118099              11
  -27.3758774              10
  -27.7699356              12
  -27.7343979              13
  -28.3511677              12
  -28.3682766              12
  -27.8477917              10
  -27.3548927              12
  -27.3078003              12
  -26.7175293              11
  -26.7272224              12
  -27.8821564              10
  -27.3481770              11
  -27.3410053              10
  -28.2475777              12
  -27.9655266              10
  -27.8687973              10
  -27.8879604              10
  -26.1921177               9
  -27.0483952               8
  -27.3528900               8
  -26.4391975               7
  -25.7383099               6
  -26.1060257               6
  -26.2002354               7
  -25.1047249               7
  -26.4832325               7
  -27.4548264               8
  -27.3439713               7
  -27.3467922               7
  -27.4901180               6
  -27.0118809               6
  -26.7555237               6
  -27.1083183               6
  -27.3268280               6
  -26.6754074               6
  -25.0523682               6
  -27.9273415               7
  -27.2465992               8
  -27.8989353               9
  -27.9823189               7
  -27.6757851               6
  -28.3298645               6
  -28.6251755               6
  -28.5599289               7
  -27.6273766               6
  -28.3566475               6
  -28.1617489               6
  -28.1936798               5
  -28.5095062               5
  -28.9390526               6
  -25.4398651               5
  -27.3015575               6
  -26.7574120               6
  -27.7224255               6
  -28.4302673               8
  -28.5796928               7
  -26.6254959               7
  -26.8633995               6
  -27.1242752               5
  -27.3796749               6
  -27.3624325               4
  -25.9211941               3
  -28.0762329               3
  -28.0932407               3
  -28.5519543               3
  -27.5569668               4
  -28.3434486               5
  -27.7629776               5
  -27.8562450               4
  -27.6355782               5
  -27.4602928               4
  -28.4765072               4
  -27.6782990               4
  -28.6603241               3
  -28.0825748               3
  -26.8415585               3
  -28.1914577               3
  -28.2941284               4
  -28.9488487               4
  -29.0230045               4
  -28.2450504               5
  -28.4029102               5
  -28.2915478               6
  -28.3517971               7
  -28.3587322               6
  -28.5029583               6
  -27.7625332               6
  -26.8117790               6
  -28.4824200               5
  -27.4110241               5
  -27.7683659               6
  -27.1884937               6
  -27.7354603               5
  -28.0938320               5
  -28.3227482               5
  -27.0511379               6
  -28.3991146               7
  -28.8104134               7
  -28.2961559               7
  -27.3594303               6
  -26.7244129               5
  -28.0489712               6
  -27.7049103               6
  -28.0571308               6
  -27.8492336               5
  -28.1640339               6
  -28.0904636               7
  -27.9414616               6
  -26.6414967               6
  -26.7966366               6
  -28.1198902               6
  -28.7743568               8
  -28.7337322               9
  -28.8959904              10
  -28.8090210              11
  -28.3687801              11
  -28.4161587              11
  -28.5020695              10
  -28.6832027              11
  -28.7737274              11
  -28.7950401              12
  -28.7168503              12
  -27.9016247              14
  -28.0967827              15
  -27.0595055              15
  -26.9069462              17
  -27.2885704              16
  -27.3561020              15
  -27.0143738              13
  -27.7101498              12
  -28.1418209              11
  -28.0133820              11
  -27.9433765              10
  -27.8022442              10
  -27.3626480               8
  -27.6896019               7
  -28.1793461               8
  -28.1074772               7
  -28.4533024               8
  -28.7106476               8
  -28.7259331               9
  -28.5890560               8
  -27.7966251               7
  -28.4483376               6
  -27.9841042               5
  -28.5660839               7
  -27.9621429               7
  -28.2575397               6
  -28.3335915               6
  -27.1743164               6
  -28.2771149               6
  -28.8015404               6
  -28.6106033               6
  -28.7631092               6
  -28.6686878               7
  -28.7001553               6
  -28.8035831               5
  -28.5835476               5
  -28.8591022               5
  -28.8447037               5
  -28.7487221               5
  -28.0869789               4
  -27.8328056               5
  -25.6916771               6
  -25.0344391               6
  -27.4019508               8
  -27.1932659               8
  -26.9765301               8
  -27.5534096               9
  -27.0699558              11
  -27.0325050              11
  -24.9737911              11
  -24.7552700              11
  -27.9952545              11
  -27.9902897              11
  -27.1329041              11
  -28.0636845              10
  -28.0306206              10
  -27.2005959              10
  -28.5230141               8
  -28.2977734               7
  -28.4298096               8
  -28.4056416               8
  -27.9611301               7
  -27.7166767               7
  -27.9295559               8
  -28.5255642               8
  -28.5837440               8
  -28.6299534               9
  -27.1728096               8
  -26.7119427               9
  -27.8408432               8
  -28.2507915               7
  -27.9757042               7
  -27.7156582               7
  -28.6590767               8
  -28.4887619               7
  -26.9913731               6
  -28.2525997               7
  -28.4569664               7
  -27.4690552               7
  -27.1101551               7
  -26.6702671               6
  -28.8155479               6
  -27.8559551               5
  -27.6556473               6
  -28.1276264               6
  -28.5344944               5
  -27.8453465               5
  -27.7468166               5
  -27.6480541               4
  -28.2582092               5
  -28.2261848               6
  -28.1073818               7
  -26.3441372               6
  -26.6882725               6
  -28.1741905               7
  -28.5155296               7
  -28.2903175               7
  -28.3301411               7
  -27.2949600               6
  -26.4918022               7
  -28.6385460               7
  -27.8530922               7
  -27.8825893               8
  -27.8164253               8
  -26.6581345               7
  -26.8477001               7
  -26.7385311               5
  -24.9178963               6
  -24.3808575               6
  -23.6894569               5
  -26.6230030               6
  -26.6601639               4
  -27.4867268               4
  -28.1719894               4
  -27.7703552               4
  -28.3880596               4
  -27.1921539               4
  -27.6663837               4
  -27.3555241               5
  -25.1328545               7
  -26.2128277               6
  -27.9118118               6
  -27.3065434               6
  -27.9547062               6
  -28.7143784               8
  -27.9824200               7
  -27.4309235               8
  -28.4152107               7
  -27.6507492               7
  -28.7851295               7
  -28.7636528               6
  -27.6332741               5
  -27.2364883               5
  -27.5177174               5
  -27.5084343               5
  -29.3383503               6
  -29.0238552               6
  -29.0826378               6
  -29.0834332               6
  -29.0066395               7
  -29.1459293               8
  -28.5859718               7
  -28.8203487               7
  -26.8366547               5
  -26.3962498               5
  -28.8964062               4
  -28.7207375               4
  -27.6884537               4
  -26.6591053               5
  -27.5250549               6
  -26.1104679               7
  -27.0147610               7
  -27.6083393               6
  -27.9465446               6
  -27.2764893               7
  -28.2115288               7
  -28.3488197               7
  -28.2210789               7
  -26.8505154               6
  -27.2929153               6
  -26.6772461               5
  -26.0090237               6
  -28.6483402               6
  -28.3339424               6
  -29.0699539               6
  -28.7996387               5
  -27.7751007               6
  -28.0555878               6
  -27.9913197               5
  -27.8506260               5
  -28.5294781               6
  -27.8036957               6
  -28.2773666               6
  -28.0155277               6
  -27.3759422               7
  -27.5835800               7
  -26.5457401               6
  -26.7330914               5
  -28.0461540               5
  -28.2133999               5
  -27.5562229               5
  -28.3286762               4
  -28.2721825               4
  -27.6712341               4
  -28.8237190               4
  -28.2478180               5
  -28.3435955               7
  -28.4304218               6
  -28.8159523               6
  -29.2134819               6
  -27.8060398               5
  -28.1821213               6
  -26.0665569               5
  -24.3995018               5
  -28.5842838               6
  -28.8512058               5
  -28.3473969               4
  -28.3818092               4
  -26.3288708               3
  -28.6376228               5
  -25.9604969               4
  -26.1639252               4
  -26.0652943               4
  -25.6031666               5
  -27.7440605               5
  -28.0714035               4
  -27.7615662               4
  -28.4281750               5
  -28.8984947               4
  -28.2591038               3
  -28.1242008               3
  -28.2110291               3
  -26.6170712               4
  -27.6452446               3
  -28.6103516               4
  -29.5204620               5
  -28.9587593               4
  -29.0054874               5
  -29.2347736               5
  -28.2833309               6
  -26.8562660               4
  -27.0510006               6
  -27.7809925               8
  -28.0886364               8
  -28.0455704               9
  -27.1588173               9
  -27.0560284               9
  -26.3111744               9
  -26.6837234               9
  -26.6049671               9
  -27.3686676               8
  -27.2806683               8
  -26.5888023               8
  -25.5473270               9
  -25.8367882               8
  -27.2517853              10
  -27.1816750              10
  -27.0400715               9
  -27.1586647               9
  -27.0070648               7
  -27.1121674               9
  -26.1521034               9
  -26.7210636               8
  -26.5608120               7
  -26.4916725               7
  -25.7415733               8
  -25.5951328               8
  -24.8948078               7
  -25.7652740               8
  -24.7050533               8
  -25.0219803               9
  -24.8882351               9
  -24.6372719               9
  -24.5917816               8
  -25.4309616               7
  -25.4001808               7
  -25.6490784               7
  -25.2442074               7
  -24.8203411               7
  -25.9825783               6
  -26.4213753               6
  -26.2555885               6
  -25.5629749               6
  -25.1487160               6
  -26.3081818               6
  -25.8048897               6
  -25.7001190               6
  -26.6855640               6
  -27.2160568               6
  -27.9741707               6
  -28.1511917               6
  -27.8787098               6
  -27.8398628               6
  -27.5796089               6
  -27.5608234               6
  -27.6084557               6
  -27.8875122               6
  -27.9023399               6
  -28.0832596               6
  -26.1065998               7
  -26.2258949               7
  -26.6030312               7
  -26.0948467               8
  -25.8650646               8
  -24.4619160               9
  -25.2033730               9
  -24.9096622               9
  -25.5529270               8
  -25.0800838               8
  -27.3176403               9
  -27.1733265               9
  -26.6269989               8
  -26.5032177               8
  -25.8634491               9
  -26.9712105               7
  -27.2626781               8
  -27.4007053               7
  -26.9992466               6
  -27.3393726               5
  -27.0709820               5
  -26.9584885               5
  -27.5791206               5
  -27.4474831               5
  -27.2733479               7
  -27.1080952               7
  -26.7469139               7
  -26.2860413               6
  -26.6825676               6
  -26.2695732               6
  -26.1249866               5
  -26.6300259               5
  -25.3461304               4
  -25.3547649               4
  -26.1448345               5
  -25.9989300               5
  -25.9652405               5
  -25.2565556               5
  -24.3922195               5
  -24.9733639               5
  -25.2171154               5
  -24.5776024               5
  -23.4379139               5
  -24.4618378               5
  -23.8290310               5
  -25.0475197               4
  -24.8168087               4
  -24.9546185               6
  -26.8566971               6
  -26.9364471               5
  -27.0738735               5
  -26.9123020               6
  -27.9623127               6
  -27.8820534               5
  -27.7870827               6
  -27.7993584               4
  -27.6545010               4
  -28.7304459               5
  -27.6438026               5
  -27.3057022               4
  -27.4110813               4
  -27.6583500               4
  -28.3838100               3
  -27.9812164               3
  -28.6696415               3
  -28.9601345               3
  -28.2218075               3
  -28.1685333               3
  -28.9479427               3
  -28.0671234               4
  -28.9764214               5
  -29.0855904               5
  -26.2539043               4
  -28.5990200               5
  -28.7069893               7
  -28.7553043               5
  -25.6932507               4
  -25.9520950               4
  -28.9759331               4
  -28.0333290               5
  -28.4265041               5
  -28.5465565               5
  -28.4270172               6
  -27.5181026               7
  -27.6815720               6
  -27.8932838               7
  -28.3035297               5
  -28.0338078               6
  -28.0118046               7
  -28.6489410               7
  -26.4700050               7
  -26.4326458               6
  -27.3659229               5
  -28.1226883               7
  -27.1638107               7
  -28.1219387               7
  -28.0369568               6
  -28.4495544               7
  -27.8819675               6
  -27.4631004               5
  -28.0338688               4
  -28.1023064               4
  -27.8786793               6
  -28.0854378               5
  -27.6785069               6
  -27.5035305               7
  -27.2386627               7
  -27.5959263               7
  -27.4133205               7
  -27.1131458               7
  -28.6574974               5
  -28.7005787               5
  -27.1944733               6
  -27.2530193               6
  -28.8491135               6
  -27.8906803               7
  -28.1819477               5
  -26.3964367               4
  -25.4570255               3
  -25.7773418               3
  -25.3826332               4
  -27.5537891               3
  -26.7443600               4
  -27.1625557               5
  -27.2791538               7
  -28.5021725               7
  -29.0279427               6
  -27.0265408               5
  -26.7588024               5
  -27.8702202               4
  -28.4928455               3
  -28.8328075               3
  -28.7549648               3
  -28.6082039               3
  -28.9648323               3
  -29.2105656               4
  -29.0772533               4
  -27.3112869               5
  -27.8209820               5
  -27.7323971               4
  -27.9600239               3
  -28.3391190               3
  -28.1728764               3
  -28.1382141               4
  -28.1872654               5
  -28.4447670               5
  -27.8493385               4
  -28.6019192               5
  -28.3997784               5
  -26.9195118               5
  -28.1327782               5
  -28.2253895               5
  -27.5797272               4
  -27.2020893               5
  -27.0089073               3
  -27.8211060               5
  -27.3060741               5
  -27.5268326               4
  -28.3919086               4
  -28.4346123               4
  -28.2028809               4
  -28.7287445               3
  -28.3927116               4
  -26.7895508               5
  -28.1479416               5
  -27.8263912               6
  -27.7735367               6
  -27.8533401               8
  -27.6847763               7
  -28.6012440               7
  -28.5889454               8
  -28.6956482               7
  -28.9896812               7
  -29.0535355               8
  -28.7008362               8
  -28.6026764               8
  -28.0616379               7
  -24.4902096               5
  -27.2489414               6
  -26.9762764               7
  -27.9572735               6
  -27.5487156               6
  -27.0072441               5
  -26.0943489               7
  -26.6731167               6
  -25.2794456               6
  -26.5932770               7
  -26.0515671               7
  -26.3463783               6
  -26.5796528               7
  -26.5995369               7
  -26.4342442               7
  -26.6352444               6
  -26.0878296               6
  -26.1908913               6
  -26.4781475               7
  -26.8297825               9
  -24.7926388               8
  -24.6718616               8
  -24.7947540               7
  -28.1916676               6
  -28.7591572               6
  -28.9487076               6
  -28.7735634               8
  -24.3986015               8
  -23.2909851               7
  -27.3260822               7
  -27.1094742               7
  -23.2813911               8
  -25.5613518               9
  -27.9460716               8
  -27.9934750               8
  -28.1079426               8
  -28.4386921               8
  -28.1198997               9
  -28.1013832               9
  -28.1928635               8
  -27.7034931               7
  -27.9365196               7
  -25.7326984               7
  -27.5159321               6
  -27.9786243               6
  -28.0573006               7
  -28.1722164               7
  -25.4036064               7
  -25.9814663               6
  -24.6437969               6
  -24.1937428               7
  -29.0596848               7
  -29.0776596               7
  -27.5486431               6
  -27.5225697               6
  -28.2779179               7
  -27.9743881               5
  -27.7861958               4
  -27.8207836               4
  -27.4346313               4
  -28.1162071               3
  -27.9634819               4
  -28.4936314               4
  -28.4442997               4
  -28.4407310               4
  -27.9420929               4
  -29.3246021               3
  -28.7939949               3
  -28.6053123               3
  -27.7287254               4
  -27.8396645               4
  -28.5773373               3
  -28.4824543               3
  -28.6769791               4
  -29.0047302               4
  -28.8301468               4
  -28.8335056               3
  -28.5787544               3
  -26.2352695               4
  -26.5652390               3
  -26.8281937               4
  -26.5608768               4
  -27.5987816               4
  -27.5024796               4
  -27.2268238               3
  -27.0699787               3
  -28.0774860               4
  -28.1073055               4
  -27.1054516               4
  -28.1942635               4
  -26.8064003               5
  -26.7919159               5
  -26.3958073               6
  -26.0800972               6
  -25.5082550               5
  -23.4942913               6
  -24.6676025               5
  -24.5810490               5
  -24.3162460               6
  -23.8763504               5
  -25.5859909               5
  -26.5670071               7
  -27.3838863               6
  -27.3126221               6
  -27.0349255               5
  -27.1604156               6
  -26.4753704               6
  -26.7169037               6
  -24.6840801               7
  -26.1914787               7
  -27.4547157               7
  -28.1150837               7
  -27.8616219               7
  -27.9499283               7
  -27.1296329               7
  -26.9500923               7
  -26.2055931               7
  -25.9102974               7
  -24.5355377               6
  -26.6349583               7
  -26.0121193               7
  -26.3979588               8
  -27.0149231               8
  -25.5527515               7
  -24.4459591               7
  -24.5273552               6
  -26.6085606               7
  -26.7855396               7
  -26.9065723               8
  -27.8152122              10
  -27.8052559              10
  -27.8413849              10
  -27.8412018              10
  -27.8526115              10
  -27.8494034               9
  -27.7965908               8
  -28.0012207               8
  -28.0145512               7
  -27.4638729               7
  -26.5874538               6
  -25.5779305               6
  -26.7730179               5
  -26.6561546               5
  -27.6944447               7
  -26.8484097               6
  -26.6169472               7
  -28.8076382               7
  -28.8453579               8
  -28.8528214               8
  -28.7904797               8
  -28.8601284               7
  -27.9461594               6
  -28.2796364               4
  -28.2094307               4
  -28.3631363               5
  -27.4384232               5
  -27.8449936               5
  -27.8683147               5
  -27.7913837               5
  -27.1873169               5
  -28.1817703               6
  -28.1849384               7
  -28.1516514               7
  -27.1722221               6
  -27.4478931               6
  -27.2810726               6
  -28.8474503               5
  -28.9020596               6
  -29.2161446               6
  -29.1951122               5
  -29.2845688               4
  -29.1327133               4
  -27.4157753               5
  -28.2020454               6
  -28.0688095               6
  -28.4371128               5
  -28.1079330               6
  -28.8495674               6
  -28.6458359               5
  -28.7616081               5
  -28.9359989               6
  -26.9453907               8
  -27.6775990               8
  -27.1017246               8
  -27.5599785               9
  -27.5981255              10
  -26.4242229               9
  -26.9536762               9
  -27.4575996               8
  -27.1310120               7
  -27.6587257               7
  -27.7462921               7
  -27.7206612               7
  -27.9929581               6
  -24.8926239               5
  -24.7194157               4
  -27.4734383               6
  -27.2492027               6
  -26.3689232               7
  -27.4884548               8
  -27.6654682               9
  -27.3179760               9
  -27.1769600               8
  -27.2859116               9
  -27.2432957               9
  -27.8586540              11
  -28.6419888               9
  -28.8958187               8
  -27.2072239               8
  -26.3267288               6
  -26.6291161               6
  -25.3778210               6
  -27.2037277               7
  -25.9632645               6
  -26.1277103               6
  -25.0476608               6
  -24.6201725               6
  -24.5937080               6
  -25.1990662               5
  -24.9250031               7
  -24.6843910               6
  -22.9792080               4
  -22.4051590               4
  -24.1770420               5
  -25.1444740               4
  -23.7998371               6
  -26.1095238               6
  -25.6592617               5
  -23.8677940               5
  -24.9786453               5
  -23.6840935               4
  -25.1530037               3
  -23.3508949               3
  -25.3165722               4
  -25.7544823               5
  -25.8292103               6
  -26.1693687               5
  -25.9744949               4
  -24.7140579               5
  -23.3528042               4
  -25.5487213               3
  -25.5529022               3
  -25.2568779               3
  -24.7809772               3
  -25.2064514               4
  -25.6181145               6
  -26.2680416               6
  -25.7112999               6
  -25.8239059               7
  -26.1973953               6
  -26.3722248               6
  -26.3753071               6
  -23.4344845               5
  -23.4188461               5
  -24.4197140               5
  -25.6982441               5
  -25.5977859               4
  -24.1087093               4
  -23.9194794               4
  -23.4210606               3
  -21.6228008               3
  -23.6494007               4
  -23.5427513               3
  -23.2621593               5
  -24.8601551               5
  -24.4345207               4
  -25.4964905               5
  -26.6045399               6
  -24.0250320               5
  -24.8120384               6
  -24.1034412               7
  -25.0367031               6
  -25.4751892               5
  -25.3073330               6
  -24.7985516               7
  -23.2914925               7
  -23.9676571               7
  -24.5435390               7
  -24.0193386               5
  -25.7963028               5
  -25.5669918               3
  -25.7618523               4
  -25.8356667               4
  -26.0436954               4
  -25.7297688               4
  -26.1824722               5
  -26.2882729               6
  -27.0801353               7
  -27.0433483               7
  -27.1851482               6
  -26.5803986               6
  -26.8803253               6
  -26.3605633               6
  -26.0445995               7
  -25.2184505               6
  -25.6992855               7
  -26.3460159               7
  -25.0666180               5
  -25.3583927               4
  -23.6655579               4
  -23.6255245               4
  -24.6837254               6
  -26.2616730               5
  -26.1723938               5
  -26.2902241               5
  -26.7091236               5
  -27.9297218               5
  -28.0179787               4
  -27.7631245               5
  -27.8668385               5
  -26.7192802               3
  -28.4945145               3
  -26.6403408               4
  -28.9451370               4
  -28.4705238               4
  -28.0611649               4
  -27.9152794               5
  -28.7565727               6
  -28.4007111               6
  -28.7621593               7
  -27.4518967               6
  -26.7747898               5
  -26.9313335               4
  -26.7628136               4
  -26.0061970               3
  -25.6682873               3
  -25.3456860               3
  -25.5170460               4
  -25.6994305               5
  -24.3652744               5
  -24.8403225               5
  -24.4539642               5
  -24.3239098               3
  -24.2461071               3
  -24.2755985               3
  -24.1263580               3
  -24.4396534               3
  -24.3082275               3
  -23.9288101               3
  -24.0768356               3
  -24.1833401               4
  -25.2333069               3
  -24.1512451               3
  -25.8925171               3
  -26.3279285               4
  -26.4112606               4
  -26.7071133               4
  -25.7144012               5
  -26.2937794               6
  -26.7397518               5
  -26.8362865               5
  -25.5151081               5
  -24.9465656               5
  -24.9718075               6
  -26.8674736               5
  -27.1331177               5
  -27.2090416               6
  -27.6265182               6
  -27.3826427               7
  -27.6171360               6
  -28.0688896               6
  -27.7909889               6
  -27.4762440               6
  -28.3020344               5
  -28.1853714               7
  -28.3323956               7
  -28.4876385               7
  -28.5268497               6
  -28.1667442               5
  -28.4643879               5
  -28.2474136               6
  -28.2934036               8
  -26.6480904               7
  -27.3938046               5
  -28.2313519               6
  -28.3952751               5
  -29.1703644               4
  -28.9656410               4
  -28.4091244               3
  -28.5536804               3
  -28.3916626               3
  -27.6208496               3
  -28.3094273               3
  -28.9514866               3
  -28.5087337               3
  -29.2134132               3
  -29.0908928               3
  -28.5252075               3
  -29.0993347               3
  -27.7141438               3
  -28.0905151               3
  -28.5887318               3
  -29.1183834               3
  -29.0726624               3
  -28.8892460               4
  -28.4053688               4
  -28.6552715               5
  -28.1954212               6
  -27.9921646               7
  -28.2374268               5
  -27.8619938               4
  -27.8992729               4
  -29.1056404               5
  -28.6454296               5
  -28.8644600               5
  -28.8933411               5
  -28.6931839               6
  -28.9834785               7
  -28.9844151               8
  -29.1058674               8
  -29.1233807               8
  -29.3302460               8
  -28.4762020               8
  -28.4898338               8
  -28.0387497               9
  -28.3639164               7
  -28.7347164               7
  -28.6475830               7
  -28.8785439               7
  -29.2076397               8
  -28.8565159               8
  -28.3056870               7
  -27.7886143               8
  -27.9647427               8
  -27.5034428               6
  -27.4764900               5
  -27.7435627               3
  -26.8681049               3
  -28.4818459               4
  -28.1061134               3
  -28.9805222               3
  -29.0544167               3
  -28.9090710               4
  -29.4375839               6
  -29.2225704               4
  -22.3520527               5
  -24.1597061               4
  -23.8332253               4
  -27.9989624               6
  -26.0253048               6
  -26.2986698               6
  -26.1873169               6
  -26.2842865               5
  -26.9750938               4
  -28.2724838               5
  -26.7806778               4
  -27.6420403               4
  -28.7071476               5
  -27.5353260               4
  -27.3914013               4
  -27.5949612               5
  -28.3587875               5
  -22.6492863               5
  -22.6259880               5
  -23.2651157               5
  -24.9844761               5
  -24.4511890               5
  -25.0772572               5
  -26.1392937               5
  -27.2654762               5
  -25.3491707               5
  -26.9046078               5
  -26.7819767               6
  -25.5774193               6
  -25.0558872               6
  -26.5364246               7
  -28.4382038               7
  -28.6744022               6
  -28.7821751               7
  -28.7015877               7
  -26.9680805               7
  -27.5083332               7
  -27.8701344               7
  -27.7587738               8
  -28.4382935               8
  -28.9108772               9
  -29.0273838               8
  -29.0308781              10
  -28.7070332               9
  -28.7786446               9
  -28.7924690               9
  -28.8739166               9
  -29.3043880               7
  -29.1313953               8
  -29.1510887               7
  -28.9809399               7
  -29.2357044               8
  -28.5168667               7
  -28.3918228               6
  -28.0171204               7
  -28.1488190               7
  -27.1315498               6
  -27.5115833               5
  -29.0072117               6
  -29.2881470               5
  -29.2630653               5
  -28.2903538               5
  -27.5831718               5
  -28.9349976               4
  -28.6282806               6
  -28.0963497               6
  -28.5297070               5
  -27.6749821               5
  -27.2526493               4
  -28.2226734               4
  -28.3680344               5
  -29.2334461               3
  -29.0845680               3
  -29.0534134               3
  -29.1185970               3
  -28.9917374               3
  -29.2025585               4
  -27.8976784               6
  -29.0388336               5
  -28.6277561               4
  -29.0441971               4
  -28.6116695               5
  -28.2977448               5
  -28.6941223               6
  -29.1374187               6
  -28.6117039               8
  -28.5149689               8
